#
# There is insufficient memory for the Java Runtime Environment to continue.
# Native memory allocation (malloc) failed to allocate 1048576 bytes. Error detail: AllocateHeap
# Possible reasons:
#   The system is out of physical RAM or swap space
#   This process is running with CompressedOops enabled, and the Java Heap may be blocking the growth of the native heap
# Possible solutions:
#   Reduce memory load on the system
#   Increase physical memory or swap space
#   Check if swap backing store is full
#   Decrease Java heap size (-Xmx/-Xms)
#   Decrease number of Java threads
#   Decrease Java thread stack sizes (-Xss)
#   Set larger code cache with -XX:ReservedCodeCacheSize=
#   JVM is running with Unscaled Compressed Oops mode in which the Java heap is
#     placed in the first 4GB address space. The Java Heap base address is the
#     maximum limit for the native heap growth. Please use -XX:HeapBaseMinAddress
#     to set the Java Heap base and to place the Java Heap above 4GB virtual address.
# This output file may be truncated or incomplete.
#
#  Out of Memory Error (allocation.cpp:44), pid=8776, tid=2548
#
# JRE version: OpenJDK Runtime Environment Temurin-21.0.9+10 (21.0.9+10) (build 21.0.9+10-LTS)
# Java VM: OpenJDK 64-Bit Server VM Temurin-21.0.9+10 (21.0.9+10-LTS, mixed mode, sharing, tiered, compressed oops, compressed class ptrs, parallel gc, windows-amd64)
# No core dump will be written. Minidumps are not enabled by default on client versions of Windows
#

---------------  S U M M A R Y ------------

Command Line: --add-modules=ALL-SYSTEM --add-opens=java.base/java.util=ALL-UNNAMED --add-opens=java.base/java.lang=ALL-UNNAMED --add-opens=java.base/sun.nio.fs=ALL-UNNAMED -Declipse.application=org.eclipse.jdt.ls.core.id1 -Dosgi.bundles.defaultStartLevel=4 -Declipse.product=org.eclipse.jdt.ls.core.product -Djava.import.generatesMetadataFilesAtProjectRoot=false -DDetectVMInstallationsJob.disabled=true -Dfile.encoding=utf8 -XX:+UseParallelGC -XX:GCTimeRatio=4 -XX:AdaptiveSizePolicyWeight=90 -Dsun.zip.disableMemoryMapping=true -Xmx2G -Xms100m -Xlog:disable -javaagent:c:\Users\katag\.antigravity\extensions\redhat.java-1.50.0-win32-x64\lombok\lombok-1.18.39-4050.jar -XX:+HeapDumpOnOutOfMemoryError -XX:HeapDumpPath=c:\Users\katag\AppData\Roaming\Antigravity\User\workspaceStorage\1521e524ab84588d066b13d4310911ce\redhat.java -Daether.dependencyCollector.impl=bf c:\Users\katag\.antigravity\extensions\redhat.java-1.50.0-win32-x64\server\plugins\org.eclipse.equinox.launcher_1.7.100.v20251111-0406.jar -configuration c:\Users\katag\AppData\Roaming\Antigravity\User\globalStorage\redhat.java\1.50.0\config_win -data c:\Users\katag\AppData\Roaming\Antigravity\User\workspaceStorage\1521e524ab84588d066b13d4310911ce\redhat.java\jdt_ws --pipe=\\.\pipe\lsp-8865583b63d8be041f3baa2c683c72f0-sock

Host: 11th Gen Intel(R) Core(TM) i3-1115G4 @ 3.00GHz, 4 cores, 7G,  Windows 11 , 64 bit Build 22621 (10.0.22621.5415)
Time: Thu Jan  1 13:45:16 2026 India Standard Time elapsed time: 7442.295116 seconds (0d 2h 4m 2s)

---------------  T H R E A D  ---------------

Current thread (0x00000204de592b10):  JavaThread "Attach Listener" daemon [_thread_in_vm, id=2548, stack(0x00000036bce00000,0x00000036bcf00000) (1024K)]

Stack: [0x00000036bce00000,0x00000036bcf00000]
Native frames: (J=compiled Java code, j=interpreted, Vv=VM code, C=native code)
V  [jvm.dll+0x6d6e29]
V  [jvm.dll+0x8b4b76]
V  [jvm.dll+0x8b712e]
V  [jvm.dll+0x8b7813]
V  [jvm.dll+0x283d86]
V  [jvm.dll+0xc1277]
V  [jvm.dll+0x6d76d9]
V  [jvm.dll+0x133466]
V  [jvm.dll+0x3f7ea6]
V  [jvm.dll+0x85e9ad]
V  [jvm.dll+0x6d565d]
C  [ucrtbase.dll+0x29333]
C  [KERNEL32.DLL+0x1259d]
C  [ntdll.dll+0x5af78]


---------------  P R O C E S S  ---------------

Threads class SMR info:
_java_thread_list=0x00000204e69c86c0, length=42, elements={
0x00000204c7b9edf0, 0x00000204de58c660, 0x00000204de58ff70, 0x00000204de5912b0,
0x00000204de592b10, 0x00000204de593b50, 0x00000204de597cb0, 0x00000204de598a30,
0x00000204de60a340, 0x00000204df35c280, 0x00000204df91a6e0, 0x00000204dfd9b950,
0x00000204de5c42c0, 0x00000204df7fdbe0, 0x00000204df49bf90, 0x00000204dfb9ae00,
0x00000204e43495d0, 0x00000204e42fc770, 0x00000204e41f8660, 0x00000204e4370400,
0x00000204e4370a90, 0x00000204e436f050, 0x00000204e4c65bc0, 0x00000204e4c5ffe0,
0x00000204e4c63460, 0x00000204e4c64180, 0x00000204e4c60d00, 0x00000204e4c64ea0,
0x00000204e4c61390, 0x00000204e4c60670, 0x00000204e4c61a20, 0x00000204e4c620b0,
0x00000204e4c5f950, 0x00000204e4c62dd0, 0x00000204e4c63af0, 0x00000204e4c64810,
0x00000204e4c65530, 0x00000204e4c66250, 0x00000204e478da80, 0x00000204e4791590,
0x00000204e4792fd0, 0x00000204e4793660
}

Java Threads: ( => current thread )
  0x00000204c7b9edf0 JavaThread "main"                              [_thread_blocked, id=11092, stack(0x00000036bc700000,0x00000036bc800000) (1024K)]
  0x00000204de58c660 JavaThread "Reference Handler"          daemon [_thread_blocked, id=11100, stack(0x00000036bcb00000,0x00000036bcc00000) (1024K)]
  0x00000204de58ff70 JavaThread "Finalizer"                  daemon [_thread_blocked, id=10872, stack(0x00000036bcc00000,0x00000036bcd00000) (1024K)]
  0x00000204de5912b0 JavaThread "Signal Dispatcher"          daemon [_thread_blocked, id=9140, stack(0x00000036bcd00000,0x00000036bce00000) (1024K)]
=>0x00000204de592b10 JavaThread "Attach Listener"            daemon [_thread_in_vm, id=2548, stack(0x00000036bce00000,0x00000036bcf00000) (1024K)]
  0x00000204de593b50 JavaThread "Service Thread"             daemon [_thread_blocked, id=15192, stack(0x00000036bcf00000,0x00000036bd000000) (1024K)]
  0x00000204de597cb0 JavaThread "Monitor Deflation Thread"   daemon [_thread_blocked, id=14924, stack(0x00000036bd000000,0x00000036bd100000) (1024K)]
  0x00000204de598a30 JavaThread "C2 CompilerThread0"         daemon [_thread_blocked, id=14748, stack(0x00000036bd100000,0x00000036bd200000) (1024K)]
  0x00000204de60a340 JavaThread "C1 CompilerThread0"         daemon [_thread_blocked, id=14804, stack(0x00000036bd200000,0x00000036bd300000) (1024K)]
  0x00000204df35c280 JavaThread "Common-Cleaner"             daemon [_thread_blocked, id=15188, stack(0x00000036bd300000,0x00000036bd400000) (1024K)]
  0x00000204df91a6e0 JavaThread "Notification Thread"        daemon [_thread_blocked, id=9456, stack(0x00000036bd500000,0x00000036bd600000) (1024K)]
  0x00000204dfd9b950 JavaThread "Active Thread: Equinox Container: 2a3bcb46-32d2-45ff-b0e8-eabe567efa57"        [_thread_blocked, id=5568, stack(0x00000036bd900000,0x00000036bda00000) (1024K)]
  0x00000204de5c42c0 JavaThread "Refresh Thread: Equinox Container: 2a3bcb46-32d2-45ff-b0e8-eabe567efa57" daemon [_thread_blocked, id=6864, stack(0x00000036bd400000,0x00000036bd500000) (1024K)]
  0x00000204df7fdbe0 JavaThread "Framework Event Dispatcher: Equinox Container: 2a3bcb46-32d2-45ff-b0e8-eabe567efa57" daemon [_thread_blocked, id=10056, stack(0x00000036bda00000,0x00000036bdb00000) (1024K)]
  0x00000204df49bf90 JavaThread "Start Level: Equinox Container: 2a3bcb46-32d2-45ff-b0e8-eabe567efa57" daemon [_thread_blocked, id=5092, stack(0x00000036bdb00000,0x00000036bdc00000) (1024K)]
  0x00000204dfb9ae00 JavaThread "Bundle File Closer"         daemon [_thread_blocked, id=7552, stack(0x00000036bdc00000,0x00000036bdd00000) (1024K)]
  0x00000204e43495d0 JavaThread "SCR Component Actor"        daemon [_thread_blocked, id=6096, stack(0x00000036bdd00000,0x00000036bde00000) (1024K)]
  0x00000204e42fc770 JavaThread "Worker-JM"                         [_thread_blocked, id=9196, stack(0x00000036bdf00000,0x00000036be000000) (1024K)]
  0x00000204e41f8660 JavaThread "JNA Cleaner"                daemon [_thread_blocked, id=3140, stack(0x00000036be000000,0x00000036be100000) (1024K)]
  0x00000204e4370400 JavaThread "Worker-0"                          [_thread_blocked, id=11620, stack(0x00000036be100000,0x00000036be200000) (1024K)]
  0x00000204e4370a90 JavaThread "Java indexing"              daemon [_thread_blocked, id=3296, stack(0x00000036be400000,0x00000036be500000) (1024K)]
  0x00000204e436f050 JavaThread "Worker-6"                          [_thread_blocked, id=13964, stack(0x00000036be800000,0x00000036be900000) (1024K)]
  0x00000204e4c65bc0 JavaThread "Thread-1"                   daemon [_thread_in_native, id=8816, stack(0x00000036be900000,0x00000036bea00000) (1024K)]
  0x00000204e4c5ffe0 JavaThread "Thread-2"                   daemon [_thread_in_native, id=4040, stack(0x00000036bea00000,0x00000036beb00000) (1024K)]
  0x00000204e4c63460 JavaThread "Thread-3"                   daemon [_thread_in_native, id=16200, stack(0x00000036beb00000,0x00000036bec00000) (1024K)]
  0x00000204e4c64180 JavaThread "Thread-4"                   daemon [_thread_in_native, id=13512, stack(0x00000036bec00000,0x00000036bed00000) (1024K)]
  0x00000204e4c60d00 JavaThread "Thread-5"                   daemon [_thread_in_native, id=5812, stack(0x00000036bed00000,0x00000036bee00000) (1024K)]
  0x00000204e4c64ea0 JavaThread "pool-2-thread-1"                   [_thread_blocked, id=2304, stack(0x00000036bee00000,0x00000036bef00000) (1024K)]
  0x00000204e4c61390 JavaThread "Timer-0"                           [_thread_blocked, id=10336, stack(0x00000036bf000000,0x00000036bf100000) (1024K)]
  0x00000204e4c60670 JavaThread "Timer-1"                           [_thread_blocked, id=10140, stack(0x00000036bf100000,0x00000036bf200000) (1024K)]
  0x00000204e4c61a20 JavaThread "WorkspaceEventsHandler"            [_thread_blocked, id=15824, stack(0x00000036bf200000,0x00000036bf300000) (1024K)]
  0x00000204e4c620b0 JavaThread "pool-1-thread-1"                   [_thread_blocked, id=14368, stack(0x00000036bf300000,0x00000036bf400000) (1024K)]
  0x00000204e4c5f950 JavaThread "Timer-2"                           [_thread_blocked, id=13252, stack(0x00000036bf500000,0x00000036bf600000) (1024K)]
  0x00000204e4c62dd0 JavaThread "Timer-3"                           [_thread_blocked, id=10324, stack(0x00000036bf400000,0x00000036bf500000) (1024K)]
  0x00000204e4c63af0 JavaThread "Timer-4"                           [_thread_blocked, id=2908, stack(0x00000036bf600000,0x00000036bf700000) (1024K)]
  0x00000204e4c64810 JavaThread "Timer-5"                           [_thread_blocked, id=14000, stack(0x00000036bf900000,0x00000036bfa00000) (1024K)]
  0x00000204e4c65530 JavaThread "Timer-6"                           [_thread_blocked, id=6248, stack(0x00000036bfa00000,0x00000036bfb00000) (1024K)]
  0x00000204e4c66250 JavaThread "Timer-7"                           [_thread_blocked, id=8156, stack(0x00000036bfb00000,0x00000036bfc00000) (1024K)]
  0x00000204e478da80 JavaThread "Timer-8"                           [_thread_blocked, id=7220, stack(0x00000036bfc00000,0x00000036bfd00000) (1024K)]
  0x00000204e4791590 JavaThread "Timer-9"                           [_thread_blocked, id=16316, stack(0x00000036bde00000,0x00000036bdf00000) (1024K)]
  0x00000204e4792fd0 JavaThread "Timer-10"                          [_thread_blocked, id=14648, stack(0x00000036c0400000,0x00000036c0500000) (1024K)]
  0x00000204e4793660 JavaThread "Timer-11"                          [_thread_blocked, id=1940, stack(0x00000036c0500000,0x00000036c0600000) (1024K)]
Total: 42

Other Threads:
  0x00000204c7c5ebd0 VMThread "VM Thread"                           [id=14920, stack(0x00000036bca00000,0x00000036bcb00000) (1024K)]
  0x00000204c7c0bb40 WatcherThread "VM Periodic Task Thread"        [id=14824, stack(0x00000036bc900000,0x00000036bca00000) (1024K)]
  0x00000204c7bbe320 WorkerThread "GC Thread#0"                     [id=10876, stack(0x00000036bc800000,0x00000036bc900000) (1024K)]
  0x00000204df598540 WorkerThread "GC Thread#1"                     [id=7672, stack(0x00000036bd600000,0x00000036bd700000) (1024K)]
  0x00000204df599760 WorkerThread "GC Thread#2"                     [id=5380, stack(0x00000036bd700000,0x00000036bd800000) (1024K)]
  0x00000204df599ea0 WorkerThread "GC Thread#3"                     [id=5804, stack(0x00000036bd800000,0x00000036bd900000) (1024K)]
Total: 6

Threads with active compile tasks:
Total: 0

VM state: not at safepoint (normal execution)

VM Mutex/Monitor currently owned by a thread: None

Heap address: 0x0000000080000000, size: 2048 MB, Compressed Oops mode: 32-bit

CDS archive(s) mapped at: [0x0000020480000000-0x0000020480ba0000-0x0000020480ba0000), size 12189696, SharedBaseAddress: 0x0000020480000000, ArchiveRelocationMode: 1.
Compressed class space mapped at: 0x0000020481000000-0x00000204c1000000, reserved size: 1073741824
Narrow klass base: 0x0000020480000000, Narrow klass shift: 0, Narrow klass range: 0x100000000

GC Precious Log:
 CardTable entry size: 512
 CPUs: 4 total, 4 available
 Memory: 7834M
 Large Page Support: Disabled
 NUMA Support: Disabled
 Compressed Oops: Enabled (32-bit)
 Alignments: Space 512K, Generation 512K, Heap 2M
 Heap Min Capacity: 100M
 Heap Initial Capacity: 100M
 Heap Max Capacity: 2G
 Pre-touch: Disabled
 Parallel Workers: 4

Heap:
 PSYoungGen      total 14336K, used 2551K [0x00000000d5580000, 0x00000000d6580000, 0x0000000100000000)
  eden space 13824K, 14% used [0x00000000d5580000,0x00000000d577dc58,0x00000000d6300000)
  from space 512K, 100% used [0x00000000d6500000,0x00000000d6580000,0x00000000d6580000)
  to   space 1024K, 0% used [0x00000000d6380000,0x00000000d6380000,0x00000000d6480000)
 ParOldGen       total 68608K, used 48625K [0x0000000080000000, 0x0000000084300000, 0x00000000d5580000)
  object space 68608K, 70% used [0x0000000080000000,0x0000000082f7c7e0,0x0000000084300000)
 Metaspace       used 71475K, committed 72960K, reserved 1114112K
  class space    used 8983K, committed 9664K, reserved 1048576K

Card table byte_map: [0x00000204c7570000,0x00000204c7980000] _byte_map_base: 0x00000204c7170000

Marking Bits: (ParMarkBitMap*) 0x00007ffebd942460
 Begin Bits: [0x00000204da050000, 0x00000204dc050000)
 End Bits:   [0x00000204dc050000, 0x00000204de050000)

Polling page: 0x00000204c7360000

Metaspace:

Usage:
  Non-class:     61.03 MB used.
      Class:      8.77 MB used.
       Both:     69.80 MB used.

Virtual space:
  Non-class space:       64.00 MB reserved,      61.81 MB ( 97%) committed,  1 nodes.
      Class space:        1.00 GB reserved,       9.44 MB ( <1%) committed,  1 nodes.
             Both:        1.06 GB reserved,      71.25 MB (  7%) committed. 

Chunk freelists:
   Non-Class:  1.63 MB
       Class:  6.51 MB
        Both:  8.14 MB

MaxMetaspaceSize: unlimited
CompressedClassSpaceSize: 1.00 GB
Initial GC threshold: 21.00 MB
Current GC threshold: 97.31 MB
CDS: on
 - commit_granule_bytes: 65536.
 - commit_granule_words: 8192.
 - virtual_space_node_default_size: 8388608.
 - enlarge_chunks_in_place: 1.
 - use_allocation_guard: 0.


Internal statistics:

num_allocs_failed_limit: 9.
num_arena_births: 1360.
num_arena_deaths: 20.
num_vsnodes_births: 2.
num_vsnodes_deaths: 0.
num_space_committed: 1140.
num_space_uncommitted: 0.
num_chunks_returned_to_freelist: 29.
num_chunks_taken_from_freelist: 4410.
num_chunk_merges: 14.
num_chunk_splits: 2788.
num_chunks_enlarged: 1695.
num_inconsistent_stats: 0.

CodeHeap 'non-profiled nmethods': size=120000Kb used=6135Kb max_used=6135Kb free=113864Kb
 bounds [0x00000204d2870000, 0x00000204d2e70000, 0x00000204d9da0000]
CodeHeap 'profiled nmethods': size=120000Kb used=17305Kb max_used=17305Kb free=102694Kb
 bounds [0x00000204cada0000, 0x00000204cbe90000, 0x00000204d22d0000]
CodeHeap 'non-nmethods': size=5760Kb used=1443Kb max_used=1495Kb free=4316Kb
 bounds [0x00000204d22d0000, 0x00000204d2540000, 0x00000204d2870000]
CodeCache: size=245760Kb, used=24883Kb, max_used=24935Kb, free=220874Kb
 total_blobs=9151, nmethods=8409, adapters=648, full_count=0
Compilation: enabled, stopped_count=0, restarted_count=0

Compilation events (20 events):
Event: 6688.603 Thread 0x00000204de60a340 9269       3       jdk.internal.logger.DefaultLoggerFinder$1::run (5 bytes)
Event: 6688.605 Thread 0x00000204de60a340 nmethod 9269 0x00000204cbe82390 code [0x00000204cbe825a0, 0x00000204cbe82c20]
Event: 7018.596 Thread 0x00000204de60a340 9270       3       java.util.logging.LogManager::demandLogger (23 bytes)
Event: 7018.599 Thread 0x00000204de60a340 nmethod 9270 0x00000204cbe82e90 code [0x00000204cbe83040, 0x00000204cbe83208]
Event: 7018.599 Thread 0x00000204de60a340 9271       3       java.util.logging.LogManager::demandLogger (53 bytes)
Event: 7018.602 Thread 0x00000204de60a340 nmethod 9271 0x00000204cbe83310 code [0x00000204cbe83540, 0x00000204cbe83b98]
Event: 7018.602 Thread 0x00000204de60a340 9272       3       java.util.logging.LogManager::getLogger (9 bytes)
Event: 7018.603 Thread 0x00000204de60a340 nmethod 9272 0x00000204cbe83e10 code [0x00000204cbe83fc0, 0x00000204cbe841d0]
Event: 7138.604 Thread 0x00000204de598a30 9273       4       java.lang.ClassLoader::getBuiltinPlatformClassLoader (4 bytes)
Event: 7138.607 Thread 0x00000204de598a30 nmethod 9273 0x00000204d2e6d990 code [0x00000204d2e6db20, 0x00000204d2e6db90]
Event: 7198.606 Thread 0x00000204de60a340 9274       3       java.util.logging.Logger::getLogger (8 bytes)
Event: 7198.607 Thread 0x00000204de60a340 nmethod 9274 0x00000204cbe84310 code [0x00000204cbe844e0, 0x00000204cbe846a0]
Event: 7198.607 Thread 0x00000204de60a340 9277       3       java.lang.ref.ReferenceQueue::remove0 (64 bytes)
Event: 7198.610 Thread 0x00000204de60a340 nmethod 9277 0x00000204cbe84790 code [0x00000204cbe849a0, 0x00000204cbe84e20]
Event: 7198.610 Thread 0x00000204de60a340 9275       3       java.util.logging.Logger::getLogger (7 bytes)
Event: 7198.610 Thread 0x00000204de60a340 nmethod 9275 0x00000204cbe84f90 code [0x00000204cbe85140, 0x00000204cbe85268]
Event: 7198.610 Thread 0x00000204de60a340 9276       3       java.util.logging.Logger::demandLogger (36 bytes)
Event: 7198.612 Thread 0x00000204de60a340 nmethod 9276 0x00000204cbe85310 code [0x00000204cbe855a0, 0x00000204cbe86050]
Event: 7228.607 Thread 0x00000204de598a30 9278       4       java.lang.ClassLoader::getPlatformClassLoader (21 bytes)
Event: 7228.608 Thread 0x00000204de598a30 nmethod 9278 0x00000204d2e6dc90 code [0x00000204d2e6de20, 0x00000204d2e6de90]

GC Heap History (20 events):
Event: 47.240 GC heap before
{Heap before GC invocations=52 (full 3):
 PSYoungGen      total 16384K, used 16112K [0x00000000d5580000, 0x00000000d6900000, 0x0000000100000000)
  eden space 15872K, 100% used [0x00000000d5580000,0x00000000d6500000,0x00000000d6500000)
  from space 512K, 46% used [0x00000000d6880000,0x00000000d68bc010,0x00000000d6900000)
  to   space 512K, 0% used [0x00000000d6800000,0x00000000d6800000,0x00000000d6880000)
 ParOldGen       total 68608K, used 41089K [0x0000000080000000, 0x0000000084300000, 0x00000000d5580000)
  object space 68608K, 59% used [0x0000000080000000,0x0000000082820538,0x0000000084300000)
 Metaspace       used 62834K, committed 64192K, reserved 1114112K
  class space    used 7954K, committed 8576K, reserved 1048576K
}
Event: 47.241 GC heap after
{Heap after GC invocations=52 (full 3):
 PSYoungGen      total 16384K, used 480K [0x00000000d5580000, 0x00000000d6900000, 0x0000000100000000)
  eden space 15872K, 0% used [0x00000000d5580000,0x00000000d5580000,0x00000000d6500000)
  from space 512K, 93% used [0x00000000d6800000,0x00000000d6878010,0x00000000d6880000)
  to   space 512K, 0% used [0x00000000d6880000,0x00000000d6880000,0x00000000d6900000)
 ParOldGen       total 68608K, used 41321K [0x0000000080000000, 0x0000000084300000, 0x00000000d5580000)
  object space 68608K, 60% used [0x0000000080000000,0x000000008285a558,0x0000000084300000)
 Metaspace       used 62834K, committed 64192K, reserved 1114112K
  class space    used 7954K, committed 8576K, reserved 1048576K
}
Event: 60.714 GC heap before
{Heap before GC invocations=53 (full 3):
 PSYoungGen      total 16384K, used 16352K [0x00000000d5580000, 0x00000000d6900000, 0x0000000100000000)
  eden space 15872K, 100% used [0x00000000d5580000,0x00000000d6500000,0x00000000d6500000)
  from space 512K, 93% used [0x00000000d6800000,0x00000000d6878010,0x00000000d6880000)
  to   space 512K, 0% used [0x00000000d6880000,0x00000000d6880000,0x00000000d6900000)
 ParOldGen       total 68608K, used 41321K [0x0000000080000000, 0x0000000084300000, 0x00000000d5580000)
  object space 68608K, 60% used [0x0000000080000000,0x000000008285a558,0x0000000084300000)
 Metaspace       used 64415K, committed 65728K, reserved 1114112K
  class space    used 8156K, committed 8768K, reserved 1048576K
}
Event: 60.716 GC heap after
{Heap after GC invocations=53 (full 3):
 PSYoungGen      total 16384K, used 512K [0x00000000d5580000, 0x00000000d6900000, 0x0000000100000000)
  eden space 15872K, 0% used [0x00000000d5580000,0x00000000d5580000,0x00000000d6500000)
  from space 512K, 100% used [0x00000000d6880000,0x00000000d6900000,0x00000000d6900000)
  to   space 1536K, 0% used [0x00000000d6600000,0x00000000d6600000,0x00000000d6780000)
 ParOldGen       total 68608K, used 41889K [0x0000000080000000, 0x0000000084300000, 0x00000000d5580000)
  object space 68608K, 61% used [0x0000000080000000,0x00000000828e8568,0x0000000084300000)
 Metaspace       used 64415K, committed 65728K, reserved 1114112K
  class space    used 8156K, committed 8768K, reserved 1048576K
}
Event: 64.956 GC heap before
{Heap before GC invocations=54 (full 3):
 PSYoungGen      total 16384K, used 16376K [0x00000000d5580000, 0x00000000d6900000, 0x0000000100000000)
  eden space 15872K, 99% used [0x00000000d5580000,0x00000000d64fe2d0,0x00000000d6500000)
  from space 512K, 100% used [0x00000000d6880000,0x00000000d6900000,0x00000000d6900000)
  to   space 1536K, 0% used [0x00000000d6600000,0x00000000d6600000,0x00000000d6780000)
 ParOldGen       total 68608K, used 41889K [0x0000000080000000, 0x0000000084300000, 0x00000000d5580000)
  object space 68608K, 61% used [0x0000000080000000,0x00000000828e8568,0x0000000084300000)
 Metaspace       used 65136K, committed 66624K, reserved 1114112K
  class space    used 8240K, committed 8896K, reserved 1048576K
}
Event: 64.958 GC heap after
{Heap after GC invocations=54 (full 3):
 PSYoungGen      total 17408K, used 942K [0x00000000d5580000, 0x00000000d6900000, 0x0000000100000000)
  eden space 15872K, 0% used [0x00000000d5580000,0x00000000d5580000,0x00000000d6500000)
  from space 1536K, 61% used [0x00000000d6600000,0x00000000d66eba20,0x00000000d6780000)
  to   space 1024K, 0% used [0x00000000d6800000,0x00000000d6800000,0x00000000d6900000)
 ParOldGen       total 68608K, used 42380K [0x0000000080000000, 0x0000000084300000, 0x00000000d5580000)
  object space 68608K, 61% used [0x0000000080000000,0x00000000829630f8,0x0000000084300000)
 Metaspace       used 65136K, committed 66624K, reserved 1114112K
  class space    used 8240K, committed 8896K, reserved 1048576K
}
Event: 65.825 GC heap before
{Heap before GC invocations=55 (full 3):
 PSYoungGen      total 17408K, used 16814K [0x00000000d5580000, 0x00000000d6900000, 0x0000000100000000)
  eden space 15872K, 100% used [0x00000000d5580000,0x00000000d6500000,0x00000000d6500000)
  from space 1536K, 61% used [0x00000000d6600000,0x00000000d66eba20,0x00000000d6780000)
  to   space 1024K, 0% used [0x00000000d6800000,0x00000000d6800000,0x00000000d6900000)
 ParOldGen       total 68608K, used 42380K [0x0000000080000000, 0x0000000084300000, 0x00000000d5580000)
  object space 68608K, 61% used [0x0000000080000000,0x00000000829630f8,0x0000000084300000)
 Metaspace       used 66263K, committed 67776K, reserved 1114112K
  class space    used 8351K, committed 9024K, reserved 1048576K
}
Event: 65.828 GC heap after
{Heap after GC invocations=55 (full 3):
 PSYoungGen      total 14848K, used 1024K [0x00000000d5580000, 0x00000000d6f00000, 0x0000000100000000)
  eden space 13824K, 0% used [0x00000000d5580000,0x00000000d5580000,0x00000000d6300000)
  from space 1024K, 100% used [0x00000000d6800000,0x00000000d6900000,0x00000000d6900000)
  to   space 5120K, 0% used [0x00000000d6300000,0x00000000d6300000,0x00000000d6800000)
 ParOldGen       total 68608K, used 45743K [0x0000000080000000, 0x0000000084300000, 0x00000000d5580000)
  object space 68608K, 66% used [0x0000000080000000,0x0000000082cabfc0,0x0000000084300000)
 Metaspace       used 66263K, committed 67776K, reserved 1114112K
  class space    used 8351K, committed 9024K, reserved 1048576K
}
Event: 66.479 GC heap before
{Heap before GC invocations=56 (full 3):
 PSYoungGen      total 14848K, used 14848K [0x00000000d5580000, 0x00000000d6f00000, 0x0000000100000000)
  eden space 13824K, 100% used [0x00000000d5580000,0x00000000d6300000,0x00000000d6300000)
  from space 1024K, 100% used [0x00000000d6800000,0x00000000d6900000,0x00000000d6900000)
  to   space 5120K, 0% used [0x00000000d6300000,0x00000000d6300000,0x00000000d6800000)
 ParOldGen       total 68608K, used 45743K [0x0000000080000000, 0x0000000084300000, 0x00000000d5580000)
  object space 68608K, 66% used [0x0000000080000000,0x0000000082cabfc0,0x0000000084300000)
 Metaspace       used 68654K, committed 70144K, reserved 1114112K
  class space    used 8659K, committed 9344K, reserved 1048576K
}
Event: 66.481 GC heap after
{Heap after GC invocations=56 (full 3):
 PSYoungGen      total 14848K, used 890K [0x00000000d5580000, 0x00000000d6880000, 0x0000000100000000)
  eden space 13824K, 0% used [0x00000000d5580000,0x00000000d5580000,0x00000000d6300000)
  from space 1024K, 86% used [0x00000000d6300000,0x00000000d63deb38,0x00000000d6400000)
  to   space 2560K, 0% used [0x00000000d6600000,0x00000000d6600000,0x00000000d6880000)
 ParOldGen       total 68608K, used 46777K [0x0000000080000000, 0x0000000084300000, 0x00000000d5580000)
  object space 68608K, 68% used [0x0000000080000000,0x0000000082dae520,0x0000000084300000)
 Metaspace       used 68654K, committed 70144K, reserved 1114112K
  class space    used 8659K, committed 9344K, reserved 1048576K
}
Event: 70.766 GC heap before
{Heap before GC invocations=57 (full 3):
 PSYoungGen      total 14848K, used 14711K [0x00000000d5580000, 0x00000000d6880000, 0x0000000100000000)
  eden space 13824K, 99% used [0x00000000d5580000,0x00000000d62ff4a0,0x00000000d6300000)
  from space 1024K, 86% used [0x00000000d6300000,0x00000000d63deb38,0x00000000d6400000)
  to   space 2560K, 0% used [0x00000000d6600000,0x00000000d6600000,0x00000000d6880000)
 ParOldGen       total 68608K, used 46777K [0x0000000080000000, 0x0000000084300000, 0x00000000d5580000)
  object space 68608K, 68% used [0x0000000080000000,0x0000000082dae520,0x0000000084300000)
 Metaspace       used 69750K, committed 71232K, reserved 1114112K
  class space    used 8783K, committed 9472K, reserved 1048576K
}
Event: 70.770 GC heap after
{Heap after GC invocations=57 (full 3):
 PSYoungGen      total 14848K, used 608K [0x00000000d5580000, 0x00000000d6700000, 0x0000000100000000)
  eden space 13824K, 0% used [0x00000000d5580000,0x00000000d5580000,0x00000000d6300000)
  from space 1024K, 59% used [0x00000000d6600000,0x00000000d6698010,0x00000000d6700000)
  to   space 1024K, 0% used [0x00000000d6300000,0x00000000d6300000,0x00000000d6400000)
 ParOldGen       total 68608K, used 47596K [0x0000000080000000, 0x0000000084300000, 0x00000000d5580000)
  object space 68608K, 69% used [0x0000000080000000,0x0000000082e7b058,0x0000000084300000)
 Metaspace       used 69750K, committed 71232K, reserved 1114112K
  class space    used 8783K, committed 9472K, reserved 1048576K
}
Event: 72.255 GC heap before
{Heap before GC invocations=58 (full 3):
 PSYoungGen      total 14848K, used 14432K [0x00000000d5580000, 0x00000000d6700000, 0x0000000100000000)
  eden space 13824K, 99% used [0x00000000d5580000,0x00000000d62ffff8,0x00000000d6300000)
  from space 1024K, 59% used [0x00000000d6600000,0x00000000d6698010,0x00000000d6700000)
  to   space 1024K, 0% used [0x00000000d6300000,0x00000000d6300000,0x00000000d6400000)
 ParOldGen       total 68608K, used 47596K [0x0000000080000000, 0x0000000084300000, 0x00000000d5580000)
  object space 68608K, 69% used [0x0000000080000000,0x0000000082e7b058,0x0000000084300000)
 Metaspace       used 69962K, committed 71360K, reserved 1114112K
  class space    used 8811K, committed 9472K, reserved 1048576K
}
Event: 72.256 GC heap after
{Heap after GC invocations=58 (full 3):
 PSYoungGen      total 14848K, used 390K [0x00000000d5580000, 0x00000000d6680000, 0x0000000100000000)
  eden space 13824K, 0% used [0x00000000d5580000,0x00000000d5580000,0x00000000d6300000)
  from space 1024K, 38% used [0x00000000d6300000,0x00000000d6361a10,0x00000000d6400000)
  to   space 1024K, 0% used [0x00000000d6580000,0x00000000d6580000,0x00000000d6680000)
 ParOldGen       total 68608K, used 47936K [0x0000000080000000, 0x0000000084300000, 0x00000000d5580000)
  object space 68608K, 69% used [0x0000000080000000,0x0000000082ed0088,0x0000000084300000)
 Metaspace       used 69962K, committed 71360K, reserved 1114112K
  class space    used 8811K, committed 9472K, reserved 1048576K
}
Event: 72.659 GC heap before
{Heap before GC invocations=59 (full 3):
 PSYoungGen      total 14848K, used 14214K [0x00000000d5580000, 0x00000000d6680000, 0x0000000100000000)
  eden space 13824K, 100% used [0x00000000d5580000,0x00000000d6300000,0x00000000d6300000)
  from space 1024K, 38% used [0x00000000d6300000,0x00000000d6361a10,0x00000000d6400000)
  to   space 1024K, 0% used [0x00000000d6580000,0x00000000d6580000,0x00000000d6680000)
 ParOldGen       total 68608K, used 47936K [0x0000000080000000, 0x0000000084300000, 0x00000000d5580000)
  object space 68608K, 69% used [0x0000000080000000,0x0000000082ed0088,0x0000000084300000)
 Metaspace       used 70958K, committed 72448K, reserved 1114112K
  class space    used 8936K, committed 9600K, reserved 1048576K
}
Event: 72.660 GC heap after
{Heap after GC invocations=59 (full 3):
 PSYoungGen      total 14848K, used 856K [0x00000000d5580000, 0x00000000d6680000, 0x0000000100000000)
  eden space 13824K, 0% used [0x00000000d5580000,0x00000000d5580000,0x00000000d6300000)
  from space 1024K, 83% used [0x00000000d6580000,0x00000000d66561a8,0x00000000d6680000)
  to   space 1024K, 0% used [0x00000000d6300000,0x00000000d6300000,0x00000000d6400000)
 ParOldGen       total 68608K, used 48200K [0x0000000080000000, 0x0000000084300000, 0x00000000d5580000)
  object space 68608K, 70% used [0x0000000080000000,0x0000000082f12300,0x0000000084300000)
 Metaspace       used 70958K, committed 72448K, reserved 1114112K
  class space    used 8936K, committed 9600K, reserved 1048576K
}
Event: 73.477 GC heap before
{Heap before GC invocations=60 (full 3):
 PSYoungGen      total 14848K, used 14680K [0x00000000d5580000, 0x00000000d6680000, 0x0000000100000000)
  eden space 13824K, 100% used [0x00000000d5580000,0x00000000d6300000,0x00000000d6300000)
  from space 1024K, 83% used [0x00000000d6580000,0x00000000d66561a8,0x00000000d6680000)
  to   space 1024K, 0% used [0x00000000d6300000,0x00000000d6300000,0x00000000d6400000)
 ParOldGen       total 68608K, used 48200K [0x0000000080000000, 0x0000000084300000, 0x00000000d5580000)
  object space 68608K, 70% used [0x0000000080000000,0x0000000082f12300,0x0000000084300000)
 Metaspace       used 71171K, committed 72640K, reserved 1114112K
  class space    used 8947K, committed 9600K, reserved 1048576K
}
Event: 73.480 GC heap after
{Heap after GC invocations=60 (full 3):
 PSYoungGen      total 14848K, used 867K [0x00000000d5580000, 0x00000000d6600000, 0x0000000100000000)
  eden space 13824K, 0% used [0x00000000d5580000,0x00000000d5580000,0x00000000d6300000)
  from space 1024K, 84% used [0x00000000d6300000,0x00000000d63d8d88,0x00000000d6400000)
  to   space 1024K, 0% used [0x00000000d6500000,0x00000000d6500000,0x00000000d6600000)
 ParOldGen       total 68608K, used 48491K [0x0000000080000000, 0x0000000084300000, 0x00000000d5580000)
  object space 68608K, 70% used [0x0000000080000000,0x0000000082f5ad70,0x0000000084300000)
 Metaspace       used 71171K, committed 72640K, reserved 1114112K
  class space    used 8947K, committed 9600K, reserved 1048576K
}
Event: 326.731 GC heap before
{Heap before GC invocations=61 (full 3):
 PSYoungGen      total 14848K, used 14691K [0x00000000d5580000, 0x00000000d6600000, 0x0000000100000000)
  eden space 13824K, 100% used [0x00000000d5580000,0x00000000d6300000,0x00000000d6300000)
  from space 1024K, 84% used [0x00000000d6300000,0x00000000d63d8d88,0x00000000d6400000)
  to   space 1024K, 0% used [0x00000000d6500000,0x00000000d6500000,0x00000000d6600000)
 ParOldGen       total 68608K, used 48491K [0x0000000080000000, 0x0000000084300000, 0x00000000d5580000)
  object space 68608K, 70% used [0x0000000080000000,0x0000000082f5ad70,0x0000000084300000)
 Metaspace       used 71403K, committed 72960K, reserved 1114112K
  class space    used 8979K, committed 9664K, reserved 1048576K
}
Event: 326.733 GC heap after
{Heap after GC invocations=61 (full 3):
 PSYoungGen      total 14336K, used 512K [0x00000000d5580000, 0x00000000d6580000, 0x0000000100000000)
  eden space 13824K, 0% used [0x00000000d5580000,0x00000000d5580000,0x00000000d6300000)
  from space 512K, 100% used [0x00000000d6500000,0x00000000d6580000,0x00000000d6580000)
  to   space 1024K, 0% used [0x00000000d6380000,0x00000000d6380000,0x00000000d6480000)
 ParOldGen       total 68608K, used 48625K [0x0000000080000000, 0x0000000084300000, 0x00000000d5580000)
  object space 68608K, 70% used [0x0000000080000000,0x0000000082f7c7e0,0x0000000084300000)
 Metaspace       used 71403K, committed 72960K, reserved 1114112K
  class space    used 8979K, committed 9664K, reserved 1048576K
}

Dll operation events (15 events):
Event: 0.037 Loaded shared library c:\Users\katag\.antigravity\extensions\redhat.java-1.50.0-win32-x64\jre\21.0.9-win32-x86_64\bin\java.dll
Event: 0.167 Loaded shared library c:\Users\katag\.antigravity\extensions\redhat.java-1.50.0-win32-x64\jre\21.0.9-win32-x86_64\bin\zip.dll
Event: 0.222 Loaded shared library C:\Users\katag\.antigravity\extensions\redhat.java-1.50.0-win32-x64\jre\21.0.9-win32-x86_64\bin\instrument.dll
Event: 0.227 Loaded shared library C:\Users\katag\.antigravity\extensions\redhat.java-1.50.0-win32-x64\jre\21.0.9-win32-x86_64\bin\net.dll
Event: 0.231 Loaded shared library C:\Users\katag\.antigravity\extensions\redhat.java-1.50.0-win32-x64\jre\21.0.9-win32-x86_64\bin\nio.dll
Event: 0.234 Loaded shared library C:\Users\katag\.antigravity\extensions\redhat.java-1.50.0-win32-x64\jre\21.0.9-win32-x86_64\bin\zip.dll
Event: 0.259 Loaded shared library C:\Users\katag\.antigravity\extensions\redhat.java-1.50.0-win32-x64\jre\21.0.9-win32-x86_64\bin\jimage.dll
Event: 0.365 Loaded shared library c:\Users\katag\.antigravity\extensions\redhat.java-1.50.0-win32-x64\jre\21.0.9-win32-x86_64\bin\verify.dll
Event: 10.742 Loaded shared library C:\Users\katag\AppData\Roaming\Antigravity\User\globalStorage\redhat.java\1.50.0\config_win\org.eclipse.equinox.launcher\org.eclipse.equinox.launcher.win32.win32.x86_64_1.2.1400.v20250801-0854\eclipse_11916.dll
Event: 24.620 Loaded shared library C:\Users\katag\AppData\Local\Temp\jna-101821060\jna11244328000801876197.dll
Event: 33.438 Loaded shared library C:\Users\katag\.gradle\native\1def1411415f61bf3af743bc5b6707747c0891f09f0c88961ee8f79bc544acac\windows-amd64\native-platform.dll
Event: 43.341 Loaded shared library C:\Users\katag\.antigravity\extensions\redhat.java-1.50.0-win32-x64\jre\21.0.9-win32-x86_64\bin\management.dll
Event: 43.345 Loaded shared library C:\Users\katag\.antigravity\extensions\redhat.java-1.50.0-win32-x64\jre\21.0.9-win32-x86_64\bin\management_ext.dll
Event: 46.748 Loaded shared library C:\Users\katag\.antigravity\extensions\redhat.java-1.50.0-win32-x64\jre\21.0.9-win32-x86_64\bin\extnet.dll
Event: 53.607 Loaded shared library C:\Users\katag\.antigravity\extensions\redhat.java-1.50.0-win32-x64\jre\21.0.9-win32-x86_64\bin\sunmscapi.dll

Deoptimization events (20 events):
Event: 326.775 Thread 0x00000204e4370400 Uncommon trap: trap_request=0xffffff45 fr.pc=0x00000204d2bf25c4 relative=0x0000000000000204
Event: 326.775 Thread 0x00000204e4370400 Uncommon trap: reason=unstable_if action=reinterpret pc=0x00000204d2bf25c4 method=java.io.BufferedOutputStream.implWrite([BII)V @ 5 c2
Event: 326.775 Thread 0x00000204e4370400 DEOPT PACKING pc=0x00000204d2bf25c4 sp=0x00000036be1fec90
Event: 326.775 Thread 0x00000204e4370400 DEOPT UNPACKING pc=0x00000204d2326da2 sp=0x00000036be1fec58 mode 2
Event: 326.856 Thread 0x00000204e4370400 Uncommon trap: trap_request=0xffffff45 fr.pc=0x00000204d2df9758 relative=0x0000000000000258
Event: 326.856 Thread 0x00000204e4370400 Uncommon trap: reason=unstable_if action=reinterpret pc=0x00000204d2df9758 method=java.io.InputStream.read([BII)I @ 52 c2
Event: 326.856 Thread 0x00000204e4370400 DEOPT PACKING pc=0x00000204d2df9758 sp=0x00000036be1ff0e0
Event: 326.856 Thread 0x00000204e4370400 DEOPT UNPACKING pc=0x00000204d2326da2 sp=0x00000036be1ff080 mode 2
Event: 2339.486 Thread 0x00000204e4c62dd0 DEOPT PACKING pc=0x00000204cbe6ad2b sp=0x00000036bf4ff2a0
Event: 2339.491 Thread 0x00000204e4c62dd0 DEOPT UNPACKING pc=0x00000204d23278e2 sp=0x00000036bf4fe788 mode 0
Event: 2510.029 Thread 0x00000204e4c64810 DEOPT PACKING pc=0x00000204cbe6ad2b sp=0x00000036bf9ff6b0
Event: 2510.029 Thread 0x00000204e4c64810 DEOPT UNPACKING pc=0x00000204d23278e2 sp=0x00000036bf9feb98 mode 0
Event: 3401.948 Thread 0x00000204e4c66250 DEOPT PACKING pc=0x00000204cbe6ad2b sp=0x00000036bfbfefb0
Event: 3401.951 Thread 0x00000204e4c66250 DEOPT UNPACKING pc=0x00000204d23278e2 sp=0x00000036bfbfe498 mode 0
Event: 3914.199 Thread 0x00000204e4c5f950 DEOPT PACKING pc=0x00000204cbe6ad2b sp=0x00000036bf5ff570
Event: 3914.201 Thread 0x00000204e4c5f950 DEOPT UNPACKING pc=0x00000204d23278e2 sp=0x00000036bf5fea58 mode 0
Event: 4745.879 Thread 0x00000204e4c60670 DEOPT PACKING pc=0x00000204cbe6ad2b sp=0x00000036bf1ff200
Event: 4745.883 Thread 0x00000204e4c60670 DEOPT UNPACKING pc=0x00000204d23278e2 sp=0x00000036bf1fe6e8 mode 0
Event: 6665.826 Thread 0x00000204e4c61390 DEOPT PACKING pc=0x00000204cbe6ad2b sp=0x00000036bf0fef50
Event: 6665.829 Thread 0x00000204e4c61390 DEOPT UNPACKING pc=0x00000204d23278e2 sp=0x00000036bf0fe438 mode 0

Classes loaded (20 events):
Event: 72.531 Loading class java/util/concurrent/CompletableFuture$UniApply
Event: 72.531 Loading class java/util/concurrent/CompletableFuture$UniCompletion
Event: 72.531 Loading class java/util/concurrent/CompletableFuture$UniCompletion done
Event: 72.531 Loading class java/util/concurrent/CompletableFuture$UniApply done
Event: 72.532 Loading class java/util/concurrent/CompletableFuture$UniAccept
Event: 72.532 Loading class java/util/concurrent/CompletableFuture$UniAccept done
Event: 72.532 Loading class java/util/concurrent/CompletableFuture$UniExceptionally
Event: 72.532 Loading class java/util/concurrent/CompletableFuture$UniExceptionally done
Event: 326.616 Loading class java/util/concurrent/ForkJoinTask$AdaptedCallable
Event: 326.618 Loading class java/util/concurrent/ForkJoinTask$AdaptedCallable done
Event: 326.626 Loading class java/util/stream/Nodes$CollectorTask$OfRef
Event: 326.628 Loading class java/util/stream/Nodes$CollectorTask
Event: 326.637 Loading class java/util/stream/Nodes$CollectorTask done
Event: 326.638 Loading class java/util/stream/Nodes$CollectorTask$OfRef done
Event: 326.639 Loading class java/util/function/LongFunction
Event: 326.644 Loading class java/util/function/LongFunction done
Event: 326.645 Loading class java/util/stream/Nodes$ConcNode
Event: 326.645 Loading class java/util/stream/Nodes$AbstractConcNode
Event: 326.649 Loading class java/util/stream/Nodes$AbstractConcNode done
Event: 326.649 Loading class java/util/stream/Nodes$ConcNode done

Classes unloaded (10 events):
Event: 25.353 Thread 0x00000204c7c5ebd0 Unloading class 0x00000204811a5000 'java/lang/invoke/LambdaForm$MH+0x00000204811a5000'
Event: 25.353 Thread 0x00000204c7c5ebd0 Unloading class 0x00000204811a4c00 'java/lang/invoke/LambdaForm$MH+0x00000204811a4c00'
Event: 25.353 Thread 0x00000204c7c5ebd0 Unloading class 0x00000204811a4800 'java/lang/invoke/LambdaForm$MH+0x00000204811a4800'
Event: 25.353 Thread 0x00000204c7c5ebd0 Unloading class 0x00000204811a4400 'java/lang/invoke/LambdaForm$MH+0x00000204811a4400'
Event: 25.353 Thread 0x00000204c7c5ebd0 Unloading class 0x00000204811a4000 'java/lang/invoke/LambdaForm$BMH+0x00000204811a4000'
Event: 25.353 Thread 0x00000204c7c5ebd0 Unloading class 0x00000204811a3c00 'java/lang/invoke/LambdaForm$DMH+0x00000204811a3c00'
Event: 25.353 Thread 0x00000204c7c5ebd0 Unloading class 0x00000204811a2800 'java/lang/invoke/LambdaForm$DMH+0x00000204811a2800'
Event: 27.181 Thread 0x00000204c7c5ebd0 Unloading class 0x0000020481319c00 'java/lang/invoke/LambdaForm$MH+0x0000020481319c00'
Event: 27.181 Thread 0x00000204c7c5ebd0 Unloading class 0x0000020481319400 'java/lang/invoke/LambdaForm$MH+0x0000020481319400'
Event: 27.181 Thread 0x00000204c7c5ebd0 Unloading class 0x0000020481315c00 'java/lang/invoke/LambdaForm$MH+0x0000020481315c00'

Classes redefined (0 events):
No events

Internal exceptions (20 events):
Event: 72.069 Thread 0x00000204e4c620b0 Exception <a 'sun/nio/fs/WindowsException'{0x00000000d5daef18}> (0x00000000d5daef18) 
thrown [s\src\hotspot\share\prims\jni.cpp, line 520]
Event: 72.088 Thread 0x00000204e4c620b0 Exception <a 'sun/nio/fs/WindowsException'{0x00000000d5ef7950}> (0x00000000d5ef7950) 
thrown [s\src\hotspot\share\prims\jni.cpp, line 520]
Event: 72.088 Thread 0x00000204e4c620b0 Exception <a 'sun/nio/fs/WindowsException'{0x00000000d5ef8940}> (0x00000000d5ef8940) 
thrown [s\src\hotspot\share\prims\jni.cpp, line 520]
Event: 72.088 Thread 0x00000204e4c620b0 Exception <a 'sun/nio/fs/WindowsException'{0x00000000d5f04980}> (0x00000000d5f04980) 
thrown [s\src\hotspot\share\prims\jni.cpp, line 520]
Event: 72.088 Thread 0x00000204e4c620b0 Exception <a 'sun/nio/fs/WindowsException'{0x00000000d5f05500}> (0x00000000d5f05500) 
thrown [s\src\hotspot\share\prims\jni.cpp, line 520]
Event: 72.089 Thread 0x00000204e4c620b0 Exception <a 'sun/nio/fs/WindowsException'{0x00000000d5f07ad8}> (0x00000000d5f07ad8) 
thrown [s\src\hotspot\share\prims\jni.cpp, line 520]
Event: 72.089 Thread 0x00000204e4c620b0 Exception <a 'sun/nio/fs/WindowsException'{0x00000000d5f08620}> (0x00000000d5f08620) 
thrown [s\src\hotspot\share\prims\jni.cpp, line 520]
Event: 72.091 Thread 0x00000204e4c620b0 Exception <a 'sun/nio/fs/WindowsException'{0x00000000d5f1de70}> (0x00000000d5f1de70) 
thrown [s\src\hotspot\share\prims\jni.cpp, line 520]
Event: 72.091 Thread 0x00000204e4c620b0 Exception <a 'sun/nio/fs/WindowsException'{0x00000000d5f1e728}> (0x00000000d5f1e728) 
thrown [s\src\hotspot\share\prims\jni.cpp, line 520]
Event: 72.092 Thread 0x00000204e4c620b0 Exception <a 'sun/nio/fs/WindowsException'{0x00000000d5f1f608}> (0x00000000d5f1f608) 
thrown [s\src\hotspot\share\prims\jni.cpp, line 520]
Event: 72.092 Thread 0x00000204e4c620b0 Exception <a 'sun/nio/fs/WindowsException'{0x00000000d5f1fed8}> (0x00000000d5f1fed8) 
thrown [s\src\hotspot\share\prims\jni.cpp, line 520]
Event: 72.364 Thread 0x00000204e4c5ec30 Exception <a 'java/lang/NoSuchMethodError'{0x00000000d5a99368}: 'java.lang.Object java.lang.invoke.DirectMethodHandle$Holder.invokeStatic(java.lang.Object, java.lang.Object, int, java.lang.Object)'> (0x00000000d5a99368) 
thrown [s\src\hotspot\share\interpreter\linkResolver.cpp, line 773]
Event: 72.466 Thread 0x00000204e4c5ec30 Exception <a 'java/io/FileNotFoundException'{0x00000000d5eb0be8}> (0x00000000d5eb0be8) 
thrown [s\src\hotspot\share\prims\jni.cpp, line 520]
Event: 72.467 Thread 0x00000204e4c5ec30 Exception <a 'java/io/FileNotFoundException'{0x00000000d5eb1e08}> (0x00000000d5eb1e08) 
thrown [s\src\hotspot\share\prims\jni.cpp, line 520]
Event: 72.530 Thread 0x00000204e4c620b0 Exception <a 'java/lang/IncompatibleClassChangeError'{0x00000000d5f6bae0}: Found class java.lang.Object, but interface was expected> (0x00000000d5f6bae0) 
thrown [s\src\hotspot\share\interpreter\linkResolver.cpp, line 840]
Event: 72.662 Thread 0x00000204e47950a0 Implicit null exception at 0x00000204d2a1ff06 to 0x00000204d2a1fffc
Event: 72.666 Thread 0x00000204e4791c20 Implicit null exception at 0x00000204d2cec1eb to 0x00000204d2cec8bc
Event: 73.433 Thread 0x00000204e4793cf0 Implicit null exception at 0x00000204d2dec7b6 to 0x00000204d2decb5c
Event: 326.750 Thread 0x00000204e4370400 Exception <a 'java/lang/NoSuchMethodError'{0x00000000d560bf98}: 'java.lang.Object java.lang.invoke.DirectMethodHandle$Holder.newInvokeSpecial(java.lang.Object, java.lang.Object, java.lang.Object, java.lang.Object, java.lang.Object, java.lang.Object, java.lang.Object, java.lang.Object)'> (0x00000000d560bf98) 
thrown [s\src\hotspot\share\interpreter\linkResolver.cpp, line 773]
Event: 544.810 Thread 0x00000204e4c620b0 Exception <a 'java/lang/IncompatibleClassChangeError'{0x00000000d568afa0}: Found class java.lang.Object, but interface was expected> (0x00000000d568afa0) 
thrown [s\src\hotspot\share\interpreter\linkResolver.cpp, line 840]

ZGC Phase Switch (0 events):
No events

VM Operations (20 events):
Event: 6675.975 Executing VM operation: HandshakeAllThreads (HandshakeForDeflation)
Event: 6675.979 Executing VM operation: HandshakeAllThreads (HandshakeForDeflation) done
Event: 6675.979 Executing VM operation: RendezvousGCThreads
Event: 6675.979 Executing VM operation: RendezvousGCThreads done
Event: 6856.003 Executing VM operation: HandshakeAllThreads (HandshakeForDeflation)
Event: 6856.004 Executing VM operation: HandshakeAllThreads (HandshakeForDeflation) done
Event: 6856.004 Executing VM operation: RendezvousGCThreads
Event: 6856.004 Executing VM operation: RendezvousGCThreads done
Event: 7096.650 Executing VM operation: HandshakeAllThreads (HandshakeForDeflation)
Event: 7096.651 Executing VM operation: HandshakeAllThreads (HandshakeForDeflation) done
Event: 7096.651 Executing VM operation: RendezvousGCThreads
Event: 7096.651 Executing VM operation: RendezvousGCThreads done
Event: 7156.797 Executing VM operation: HandshakeAllThreads (HandshakeForDeflation)
Event: 7156.797 Executing VM operation: HandshakeAllThreads (HandshakeForDeflation) done
Event: 7156.797 Executing VM operation: RendezvousGCThreads
Event: 7156.797 Executing VM operation: RendezvousGCThreads done
Event: 7276.890 Executing VM operation: HandshakeAllThreads (HandshakeForDeflation)
Event: 7276.890 Executing VM operation: HandshakeAllThreads (HandshakeForDeflation) done
Event: 7276.890 Executing VM operation: RendezvousGCThreads
Event: 7276.890 Executing VM operation: RendezvousGCThreads done

Memory protections (0 events):
No events

Nmethod flushes (20 events):
Event: 44.640 Thread 0x00000204c7c5ebd0 flushing  nmethod 0x00000204cb751d90
Event: 44.640 Thread 0x00000204c7c5ebd0 flushing  nmethod 0x00000204cb755b90
Event: 44.640 Thread 0x00000204c7c5ebd0 flushing  nmethod 0x00000204cb756490
Event: 44.640 Thread 0x00000204c7c5ebd0 flushing  nmethod 0x00000204cb75a890
Event: 44.640 Thread 0x00000204c7c5ebd0 flushing  nmethod 0x00000204cb77a010
Event: 44.640 Thread 0x00000204c7c5ebd0 flushing  nmethod 0x00000204cb77ff90
Event: 44.640 Thread 0x00000204c7c5ebd0 flushing  nmethod 0x00000204cb787090
Event: 44.640 Thread 0x00000204c7c5ebd0 flushing  nmethod 0x00000204cb78be10
Event: 44.640 Thread 0x00000204c7c5ebd0 flushing  nmethod 0x00000204cb79ba90
Event: 44.640 Thread 0x00000204c7c5ebd0 flushing  nmethod 0x00000204cb7ac310
Event: 44.640 Thread 0x00000204c7c5ebd0 flushing  nmethod 0x00000204cb7b2490
Event: 44.640 Thread 0x00000204c7c5ebd0 flushing  nmethod 0x00000204cb7b8a90
Event: 44.640 Thread 0x00000204c7c5ebd0 flushing  nmethod 0x00000204cb7e3a10
Event: 44.640 Thread 0x00000204c7c5ebd0 flushing  nmethod 0x00000204cb7e4710
Event: 44.640 Thread 0x00000204c7c5ebd0 flushing  nmethod 0x00000204cb806790
Event: 44.640 Thread 0x00000204c7c5ebd0 flushing  nmethod 0x00000204cb807d90
Event: 44.640 Thread 0x00000204c7c5ebd0 flushing  nmethod 0x00000204cb808d90
Event: 44.640 Thread 0x00000204c7c5ebd0 flushing  nmethod 0x00000204cb809910
Event: 44.640 Thread 0x00000204c7c5ebd0 flushing  nmethod 0x00000204cb814c90
Event: 44.640 Thread 0x00000204c7c5ebd0 flushing  nmethod 0x00000204cb841990

Events (20 events):
Event: 73.442 Thread 0x00000204e4794380 Thread exited: 0x00000204e4794380
Event: 73.445 Thread 0x00000204e4793cf0 Thread exited: 0x00000204e4793cf0
Event: 107.702 Thread 0x00000204e47922b0 Thread exited: 0x00000204e47922b0
Event: 107.703 Thread 0x00000204e4794a10 Thread exited: 0x00000204e4794a10
Event: 107.729 Thread 0x00000204e4792940 Thread exited: 0x00000204e4792940
Event: 132.793 Thread 0x00000204e47950a0 Thread exited: 0x00000204e47950a0
Event: 133.801 Thread 0x00000204e4371e40 Thread exited: 0x00000204e4371e40
Event: 133.802 Thread 0x00000204e436fd70 Thread exited: 0x00000204e436fd70
Event: 134.293 Thread 0x00000204e4371120 Thread exited: 0x00000204e4371120
Event: 134.294 Thread 0x00000204e43724d0 Thread exited: 0x00000204e43724d0
Event: 134.295 Thread 0x00000204e4c5ec30 Thread exited: 0x00000204e4c5ec30
Event: 134.295 Thread 0x00000204e436f6e0 Thread exited: 0x00000204e436f6e0
Event: 192.794 Thread 0x00000204e478f4c0 Thread exited: 0x00000204e478f4c0
Event: 252.795 Thread 0x00000204e4791c20 Thread exited: 0x00000204e4791c20
Event: 326.619 Thread 0x00000204e4370400 Thread added: 0x00000204e4794a10
Event: 326.650 Thread 0x00000204e4794a10 Thread exited: 0x00000204e4794a10
Event: 326.703 Thread 0x00000204e4370400 Thread added: 0x00000204e478f4c0
Event: 326.711 Thread 0x00000204e478f4c0 Thread exited: 0x00000204e478f4c0
Event: 326.942 Thread 0x00000204de598a30 Thread added: 0x00000204e5d33fe0
Event: 327.293 Thread 0x00000204e5d33fe0 Thread exited: 0x00000204e5d33fe0


Dynamic libraries:
0x00007ff6c80c0000 - 0x00007ff6c80ce000 	c:\Users\katag\.antigravity\extensions\redhat.java-1.50.0-win32-x64\jre\21.0.9-win32-x86_64\bin\java.exe
0x00007fff717f0000 - 0x00007fff71a08000 	C:\WINDOWS\SYSTEM32\ntdll.dll
0x00007fff6f490000 - 0x00007fff6f554000 	C:\WINDOWS\System32\KERNEL32.DLL
0x00007fff6e9b0000 - 0x00007fff6ed83000 	C:\WINDOWS\System32\KERNELBASE.dll
0x00007fff6f370000 - 0x00007fff6f481000 	C:\WINDOWS\System32\ucrtbase.dll
0x00007ffec3cf0000 - 0x00007ffec3d08000 	c:\Users\katag\.antigravity\extensions\redhat.java-1.50.0-win32-x64\jre\21.0.9-win32-x86_64\bin\jli.dll
0x00007fff71560000 - 0x00007fff71712000 	C:\WINDOWS\System32\USER32.dll
0x00007fff6f220000 - 0x00007fff6f246000 	C:\WINDOWS\System32\win32u.dll
0x00007fff6f8c0000 - 0x00007fff6f8e9000 	C:\WINDOWS\System32\GDI32.dll
0x00007fff6ed90000 - 0x00007fff6eeab000 	C:\WINDOWS\System32\gdi32full.dll
0x00007fff6f2d0000 - 0x00007fff6f36a000 	C:\WINDOWS\System32\msvcp_win.dll
0x00007ffec3cd0000 - 0x00007ffec3cee000 	c:\Users\katag\.antigravity\extensions\redhat.java-1.50.0-win32-x64\jre\21.0.9-win32-x86_64\bin\VCRUNTIME140.dll
0x00007fff56fa0000 - 0x00007fff5723c000 	C:\WINDOWS\WinSxS\amd64_microsoft.windows.common-controls_6595b64144ccf1df_6.0.22621.6060_none_2712eda17382d24b\COMCTL32.dll
0x00007fff714b0000 - 0x00007fff71557000 	C:\WINDOWS\System32\msvcrt.dll
0x00007fff71470000 - 0x00007fff714a1000 	C:\WINDOWS\System32\IMM32.DLL
0x00007fff2add0000 - 0x00007fff2addc000 	c:\Users\katag\.antigravity\extensions\redhat.java-1.50.0-win32-x64\jre\21.0.9-win32-x86_64\bin\vcruntime140_1.dll
0x00007ffebda20000 - 0x00007ffebdaad000 	c:\Users\katag\.antigravity\extensions\redhat.java-1.50.0-win32-x64\jre\21.0.9-win32-x86_64\bin\msvcp140.dll
0x00007ffebcc80000 - 0x00007ffebda20000 	c:\Users\katag\.antigravity\extensions\redhat.java-1.50.0-win32-x64\jre\21.0.9-win32-x86_64\bin\server\jvm.dll
0x00007fff70f50000 - 0x00007fff71001000 	C:\WINDOWS\System32\ADVAPI32.dll
0x00007fff70420000 - 0x00007fff704c8000 	C:\WINDOWS\System32\sechost.dll
0x00007fff6e980000 - 0x00007fff6e9a8000 	C:\WINDOWS\System32\bcrypt.dll
0x00007fff70220000 - 0x00007fff70338000 	C:\WINDOWS\System32\RPCRT4.dll
0x00007fff6f840000 - 0x00007fff6f8b1000 	C:\WINDOWS\System32\WS2_32.dll
0x00007fff6e7d0000 - 0x00007fff6e81d000 	C:\WINDOWS\SYSTEM32\POWRPROF.dll
0x00007fff64850000 - 0x00007fff64884000 	C:\WINDOWS\SYSTEM32\WINMM.dll
0x00007fff63820000 - 0x00007fff6382a000 	C:\WINDOWS\SYSTEM32\VERSION.dll
0x00007fff6e7b0000 - 0x00007fff6e7c3000 	C:\WINDOWS\SYSTEM32\UMPDC.dll
0x00007fff6d8e0000 - 0x00007fff6d8f8000 	C:\WINDOWS\SYSTEM32\kernel.appcore.dll
0x00007fff219b0000 - 0x00007fff219ba000 	c:\Users\katag\.antigravity\extensions\redhat.java-1.50.0-win32-x64\jre\21.0.9-win32-x86_64\bin\jimage.dll
0x00007fff6c300000 - 0x00007fff6c533000 	C:\WINDOWS\SYSTEM32\DBGHELP.DLL
0x00007fff709c0000 - 0x00007fff70d51000 	C:\WINDOWS\System32\combase.dll
0x00007fff70340000 - 0x00007fff70418000 	C:\WINDOWS\System32\OLEAUT32.dll
0x00007fff48cc0000 - 0x00007fff48cf2000 	C:\WINDOWS\SYSTEM32\dbgcore.DLL
0x00007fff6f250000 - 0x00007fff6f2cb000 	C:\WINDOWS\System32\bcryptPrimitives.dll
0x00007ffec3cc0000 - 0x00007ffec3ccf000 	c:\Users\katag\.antigravity\extensions\redhat.java-1.50.0-win32-x64\jre\21.0.9-win32-x86_64\bin\instrument.dll
0x00007ffec1af0000 - 0x00007ffec1b10000 	c:\Users\katag\.antigravity\extensions\redhat.java-1.50.0-win32-x64\jre\21.0.9-win32-x86_64\bin\java.dll
0x00007fff6f900000 - 0x00007fff7019c000 	C:\WINDOWS\System32\SHELL32.dll
0x00007fff6f020000 - 0x00007fff6f15f000 	C:\WINDOWS\System32\wintypes.dll
0x00007fff6c800000 - 0x00007fff6d11a000 	C:\WINDOWS\SYSTEM32\windows.storage.dll
0x00007fff71010000 - 0x00007fff71114000 	C:\WINDOWS\System32\SHCORE.dll
0x00007fff711f0000 - 0x00007fff71259000 	C:\WINDOWS\System32\shlwapi.dll
0x00007fff6e830000 - 0x00007fff6e855000 	C:\WINDOWS\SYSTEM32\profapi.dll
0x00007ffec3ca0000 - 0x00007ffec3cb8000 	c:\Users\katag\.antigravity\extensions\redhat.java-1.50.0-win32-x64\jre\21.0.9-win32-x86_64\bin\zip.dll
0x00007ffec33b0000 - 0x00007ffec33c0000 	C:\Users\katag\.antigravity\extensions\redhat.java-1.50.0-win32-x64\jre\21.0.9-win32-x86_64\bin\net.dll
0x00007fff68b50000 - 0x00007fff68c7c000 	C:\WINDOWS\SYSTEM32\WINHTTP.dll
0x00007fff6ddc0000 - 0x00007fff6de29000 	C:\WINDOWS\system32\mswsock.dll
0x00007ffec1b50000 - 0x00007ffec1b66000 	C:\Users\katag\.antigravity\extensions\redhat.java-1.50.0-win32-x64\jre\21.0.9-win32-x86_64\bin\nio.dll
0x00007ffec1b40000 - 0x00007ffec1b50000 	c:\Users\katag\.antigravity\extensions\redhat.java-1.50.0-win32-x64\jre\21.0.9-win32-x86_64\bin\verify.dll
0x00007fff26650000 - 0x00007fff26694000 	C:\Users\katag\AppData\Roaming\Antigravity\User\globalStorage\redhat.java\1.50.0\config_win\org.eclipse.equinox.launcher\org.eclipse.equinox.launcher.win32.win32.x86_64_1.2.1400.v20250801-0854\eclipse_11916.dll
0x00007fff70d80000 - 0x00007fff70f21000 	C:\WINDOWS\System32\ole32.dll
0x00007fff6e020000 - 0x00007fff6e03b000 	C:\WINDOWS\SYSTEM32\CRYPTSP.dll
0x00007fff6d840000 - 0x00007fff6d877000 	C:\WINDOWS\system32\rsaenh.dll
0x00007fff6deb0000 - 0x00007fff6ded8000 	C:\WINDOWS\SYSTEM32\USERENV.dll
0x00007fff6e010000 - 0x00007fff6e01c000 	C:\WINDOWS\SYSTEM32\CRYPTBASE.dll
0x00007fff6d370000 - 0x00007fff6d39d000 	C:\WINDOWS\SYSTEM32\IPHLPAPI.DLL
0x00007fff70f40000 - 0x00007fff70f49000 	C:\WINDOWS\System32\NSI.dll
0x00007fff607b0000 - 0x00007fff607f9000 	C:\Users\katag\AppData\Local\Temp\jna-101821060\jna11244328000801876197.dll
0x00007fff6f720000 - 0x00007fff6f728000 	C:\WINDOWS\System32\PSAPI.DLL
0x00007fff65e20000 - 0x00007fff65e39000 	C:\WINDOWS\SYSTEM32\dhcpcsvc6.DLL
0x00007fff65b90000 - 0x00007fff65baf000 	C:\WINDOWS\SYSTEM32\dhcpcsvc.DLL
0x00007fff60630000 - 0x00007fff60657000 	C:\Users\katag\.gradle\native\1def1411415f61bf3af743bc5b6707747c0891f09f0c88961ee8f79bc544acac\windows-amd64\native-platform.dll
0x00007ffebb0d0000 - 0x00007ffebb0da000 	C:\Users\katag\.antigravity\extensions\redhat.java-1.50.0-win32-x64\jre\21.0.9-win32-x86_64\bin\management.dll
0x00007ffebb0c0000 - 0x00007ffebb0cc000 	C:\Users\katag\.antigravity\extensions\redhat.java-1.50.0-win32-x64\jre\21.0.9-win32-x86_64\bin\management_ext.dll
0x00007ffebb0a0000 - 0x00007ffebb0a9000 	C:\Users\katag\.antigravity\extensions\redhat.java-1.50.0-win32-x64\jre\21.0.9-win32-x86_64\bin\extnet.dll
0x00007fff689e0000 - 0x00007fff68a77000 	C:\WINDOWS\system32\apphelp.dll
0x00007ffebb0b0000 - 0x00007ffebb0be000 	C:\Users\katag\.antigravity\extensions\redhat.java-1.50.0-win32-x64\jre\21.0.9-win32-x86_64\bin\sunmscapi.dll
0x00007fff6eeb0000 - 0x00007fff6f018000 	C:\WINDOWS\System32\CRYPT32.dll
0x00007fff6e1d0000 - 0x00007fff6e1fe000 	C:\WINDOWS\SYSTEM32\ncrypt.dll
0x00007fff6e190000 - 0x00007fff6e1c7000 	C:\WINDOWS\SYSTEM32\NTASN1.dll
0x00007fff1dd80000 - 0x00007fff1dd88000 	C:\WINDOWS\system32\wshunix.dll
0x00007fff6d3a0000 - 0x00007fff6d498000 	C:\WINDOWS\SYSTEM32\DNSAPI.dll
0x00007fff63600000 - 0x00007fff6360a000 	C:\Windows\System32\rasadhlp.dll
0x00007fff63bb0000 - 0x00007fff63c34000 	C:\WINDOWS\System32\fwpuclnt.dll

JVMTI agents:
c:\Users\katag\.antigravity\extensions\redhat.java-1.50.0-win32-x64\lombok\lombok-1.18.39-4050.jar path:c:\Users\katag\.antigravity\extensions\redhat.java-1.50.0-win32-x64\jre\21.0.9-win32-x86_64\bin\instrument.dll, loaded, initialized, instrumentlib options:none

dbghelp: loaded successfully - version: 4.0.5 - missing functions: none
symbol engine: initialized successfully - sym options: 0x614 - pdb path: .;c:\Users\katag\.antigravity\extensions\redhat.java-1.50.0-win32-x64\jre\21.0.9-win32-x86_64\bin;C:\WINDOWS\SYSTEM32;C:\WINDOWS\WinSxS\amd64_microsoft.windows.common-controls_6595b64144ccf1df_6.0.22621.6060_none_2712eda17382d24b;c:\Users\katag\.antigravity\extensions\redhat.java-1.50.0-win32-x64\jre\21.0.9-win32-x86_64\bin\server;C:\Users\katag\AppData\Roaming\Antigravity\User\globalStorage\redhat.java\1.50.0\config_win\org.eclipse.equinox.launcher\org.eclipse.equinox.launcher.win32.win32.x86_64_1.2.1400.v20250801-0854;C:\Users\katag\AppData\Local\Temp\jna-101821060;C:\Users\katag\.gradle\native\1def1411415f61bf3af743bc5b6707747c0891f09f0c88961ee8f79bc544acac\windows-amd64

VM Arguments:
jvm_args: --add-modules=ALL-SYSTEM --add-opens=java.base/java.util=ALL-UNNAMED --add-opens=java.base/java.lang=ALL-UNNAMED --add-opens=java.base/sun.nio.fs=ALL-UNNAMED -Declipse.application=org.eclipse.jdt.ls.core.id1 -Dosgi.bundles.defaultStartLevel=4 -Declipse.product=org.eclipse.jdt.ls.core.product -Djava.import.generatesMetadataFilesAtProjectRoot=false -DDetectVMInstallationsJob.disabled=true -Dfile.encoding=utf8 -XX:+UseParallelGC -XX:GCTimeRatio=4 -XX:AdaptiveSizePolicyWeight=90 -Dsun.zip.disableMemoryMapping=true -Xmx2G -Xms100m -Xlog:disable -javaagent:c:\Users\katag\.antigravity\extensions\redhat.java-1.50.0-win32-x64\lombok\lombok-1.18.39-4050.jar -XX:+HeapDumpOnOutOfMemoryError -XX:HeapDumpPath=c:\Users\katag\AppData\Roaming\Antigravity\User\workspaceStorage\1521e524ab84588d066b13d4310911ce\redhat.java -Daether.dependencyCollector.impl=bf 
java_command: c:\Users\katag\.antigravity\extensions\redhat.java-1.50.0-win32-x64\server\plugins\org.eclipse.equinox.launcher_1.7.100.v20251111-0406.jar -configuration c:\Users\katag\AppData\Roaming\Antigravity\User\globalStorage\redhat.java\1.50.0\config_win -data c:\Users\katag\AppData\Roaming\Antigravity\User\workspaceStorage\1521e524ab84588d066b13d4310911ce\redhat.java\jdt_ws --pipe=\\.\pipe\lsp-8865583b63d8be041f3baa2c683c72f0-sock
java_class_path (initial): c:\Users\katag\.antigravity\extensions\redhat.java-1.50.0-win32-x64\server\plugins\org.eclipse.equinox.launcher_1.7.100.v20251111-0406.jar
Launcher Type: SUN_STANDARD

[Global flags]
    uintx AdaptiveSizePolicyWeight                 = 90                                        {product} {command line}
     intx CICompilerCount                          = 3                                         {product} {ergonomic}
    uintx GCTimeRatio                              = 4                                         {product} {command line}
     bool HeapDumpOnOutOfMemoryError               = true                                   {manageable} {command line}
    ccstr HeapDumpPath                             = c:\Users\katag\AppData\Roaming\Antigravity\User\workspaceStorage\1521e524ab84588d066b13d4310911ce\redhat.java         {manageable} {command line}
   size_t InitialHeapSize                          = 104857600                                 {product} {command line}
   size_t MaxHeapSize                              = 2147483648                                {product} {command line}
   size_t MaxNewSize                               = 715653120                                 {product} {ergonomic}
   size_t MinHeapDeltaBytes                        = 524288                                    {product} {ergonomic}
   size_t MinHeapSize                              = 104857600                                 {product} {command line}
   size_t NewSize                                  = 34603008                                  {product} {ergonomic}
    uintx NonNMethodCodeHeapSize                   = 5832780                                {pd product} {ergonomic}
    uintx NonProfiledCodeHeapSize                  = 122912730                              {pd product} {ergonomic}
   size_t OldSize                                  = 70254592                                  {product} {ergonomic}
    uintx ProfiledCodeHeapSize                     = 122912730                              {pd product} {ergonomic}
    uintx ReservedCodeCacheSize                    = 251658240                              {pd product} {ergonomic}
     bool SegmentedCodeCache                       = true                                      {product} {ergonomic}
   size_t SoftMaxHeapSize                          = 2147483648                             {manageable} {ergonomic}
     bool UseCompressedOops                        = true                           {product lp64_product} {ergonomic}
     bool UseLargePagesIndividualAllocation        = false                                  {pd product} {ergonomic}
     bool UseParallelGC                            = true                                      {product} {command line}

Logging:
Log output configuration:
 #0: stdout all=off uptime,level,tags foldmultilines=false
 #1: stderr all=off uptime,level,tags foldmultilines=false

Release file:
JAVA_VERSION="21.0.9" 
MODULES="java.base java.compiler java.datatransfer java.xml java.prefs java.desktop java.instrument java.logging java.management java.security.sasl java.naming java.rmi java.management.rmi java.net.http java.scripting java.security.jgss java.transaction.xa java.sql java.sql.rowset java.xml.crypto java.se java.smartcardio jdk.accessibility jdk.internal.jvmstat jdk.attach jdk.charsets jdk.internal.opt jdk.zipfs jdk.compiler jdk.crypto.ec jdk.crypto.cryptoki jdk.crypto.mscapi jdk.dynalink jdk.internal.ed jdk.editpad jdk.hotspot.agent jdk.httpserver jdk.internal.le jdk.internal.vm.ci jdk.internal.vm.compiler jdk.internal.vm.compiler.management jdk.jartool jdk.javadoc jdk.jcmd jdk.management jdk.management.agent jdk.jconsole jdk.jdeps jdk.jdwp.agent jdk.jdi jdk.jfr jdk.jshell jdk.jsobject jdk.jstatd jdk.localedata jdk.management.jfr jdk.naming.dns jdk.naming.rmi jdk.net jdk.nio.mapmode jdk.random jdk.sctp jdk.security.auth jdk.security.jgss jdk.unsupported jdk.unsupported.desktop jdk.xml.dom" 

Environment Variables:
JAVA_HOME=C:\Program Files\Java\jdk1.8.0_202
CLASSPATH=C:\Users\katag\OneDrive\Desktop\mysql-connector-j-9.1.0\mysql-connector-j-9.1.0.jar;.;
PATH=C:\Users\katag\OneDrive\Desktop\apache-maven-3.9.9\bin;C:\Program Files\HP\HP One Agent;C:\Program Files\Microsoft VS Code\bin;C:\Users\katag\AppData\Local\nvm;C:\nvm4w\nodejs;C:\Windows\System32;C:\Program Files\nodejs\;C:\Program Files\MySQL\MySQL Shell 8.0\bin\;C:\Users\katag\AppData\Local\Programs\Python\Python37\Scripts\;C:\Users\katag\AppData\Local\Programs\Python\Python37\;C:\Users\katag\anaconda3;C:\Users\katag\anaconda3\Library\mingw-w64\bin;C:\Users\katag\anaconda3\Library\usr\bin;C:\Users\katag\anaconda3\Library\bin;C:\Users\katag\anaconda3\Scripts;C:\Users\katag\OneDrive\Desktop\4321\Scripts\;C:\Users\katag\OneDrive\Desktop\4321\;C:\Users\katag\AppData\Local\Programs\Python\Python310\Scripts\;C:\Users\katag\AppData\Local\Programs\Python\Python310\;C:\Users\katag\AppData\Local\Microsoft\WindowsApps;C:\Program Files\JetBrains\PyCharm Community Edition 2022.3\bin;;C:\Users\katag\AppData\Local\nvm;C:\nvm4w\nodejs;C:\Users\katag\AppData\Roaming\npm;C:\Users\katag\AppData\Local\Programs\Antigravity\bin
USERNAME=katag
OS=Windows_NT
PROCESSOR_IDENTIFIER=Intel64 Family 6 Model 140 Stepping 1, GenuineIntel
TMP=C:\Users\katag\AppData\Local\Temp
TEMP=C:\Users\katag\AppData\Local\Temp




Periodic native trim disabled

---------------  S Y S T E M  ---------------

OS:
 Windows 11 , 64 bit Build 22621 (10.0.22621.5415)
OS uptime: 0 days 2:06 hours

CPU: total 4 (initial active 4) (2 cores per cpu, 2 threads per core) family 6 model 140 stepping 1 microcode 0xb4, cx8, cmov, fxsr, ht, mmx, 3dnowpref, sse, sse2, sse3, ssse3, sse4.1, sse4.2, popcnt, lzcnt, tsc, tscinvbit, avx, avx2, aes, erms, clmul, bmi1, bmi2, adx, avx512f, avx512dq, avx512cd, avx512bw, avx512vl, sha, fma, vzeroupper, avx512_vpopcntdq, avx512_vpclmulqdq, avx512_vaes, avx512_vnni, clflush, clflushopt, clwb, avx512_vbmi2, avx512_vbmi, rdtscp, rdpid, fsrm, gfni, avx512_bitalg, f16c, pku, cet_ibt, cet_ss, avx512_ifma
Processor Information for the first 4 processors :
  Max Mhz: 2901, Current Mhz: 2901, Mhz Limit: 2901

Memory: 4k page, system-wide physical 7834M (467M free)
TotalPageFile size 27474M (AvailPageFile size 90M)
current process WorkingSet (physical memory assigned to process): 18M, peak: 285M
current process commit charge ("private bytes"): 358M, peak: 371M

vm_info: OpenJDK 64-Bit Server VM (21.0.9+10-LTS) for windows-amd64 JRE (21.0.9+10-LTS), built on 2025-10-21T00:00:00Z by "admin" with unknown MS VC++:1942

END.
